\BOOKMARK [0][-]{chapter.1}{Introducci\363n}{}% 1
\BOOKMARK [1][-]{section.1.1}{Introducci\363n}{chapter.1}% 2
\BOOKMARK [1][-]{section.1.2}{Justificaci\363n}{chapter.1}% 3
\BOOKMARK [2][-]{subsection.1.2.1}{Problem\341tica}{section.1.2}% 4
\BOOKMARK [0][-]{chapter.2}{Marco te\363rico}{}% 5
\BOOKMARK [1][-]{section.2.1}{Mercado meta}{chapter.2}% 6
\BOOKMARK [1][-]{section.2.2}{Glosario del Negocio}{chapter.2}% 7
\BOOKMARK [1][-]{section.2.3}{Tecnolog\355as a usar}{chapter.2}% 8
\BOOKMARK [2][-]{subsection.2.3.1}{IDE}{section.2.3}% 9
\BOOKMARK [2][-]{subsection.2.3.2}{Sistema Gestor de Base de Datos en la aplicaci\363n m\363vil}{section.2.3}% 10
\BOOKMARK [2][-]{subsection.2.3.3}{Sistema Gestor de Base de Datos del lado del servidor}{section.2.3}% 11
\BOOKMARK [2][-]{subsection.2.3.4}{Servidor}{section.2.3}% 12
\BOOKMARK [0][-]{chapter.3}{Estado del arte}{}% 13
\BOOKMARK [1][-]{section.3.1}{Historia}{chapter.3}% 14
\BOOKMARK [1][-]{section.3.2}{Aplicaci\363nes }{chapter.3}% 15
\BOOKMARK [2][-]{subsection.3.2.1}{Red An\341huac}{section.3.2}% 16
\BOOKMARK [2][-]{subsection.3.2.2}{MIT MOBILE}{section.3.2}% 17
\BOOKMARK [2][-]{subsection.3.2.3}{CONEXION UVM}{section.3.2}% 18
\BOOKMARK [2][-]{subsection.3.2.4}{IBERO MOVIL}{section.3.2}% 19
\BOOKMARK [2][-]{subsection.3.2.5}{MANIFEST ESCOM}{section.3.2}% 20
\BOOKMARK [2][-]{subsection.3.2.6}{ESCOMobile}{section.3.2}% 21
\BOOKMARK [0][-]{chapter.4}{Propuesta del proyecto.}{}% 22
\BOOKMARK [1][-]{section.4.1}{Objetivos}{chapter.4}% 23
\BOOKMARK [2][-]{subsection.4.1.1}{General}{section.4.1}% 24
\BOOKMARK [2][-]{subsection.4.1.2}{Espec\355ficos}{section.4.1}% 25
\BOOKMARK [1][-]{section.4.2}{Requisitos}{chapter.4}% 26
\BOOKMARK [2][-]{subsection.4.2.1}{Requisitos funcionales}{section.4.2}% 27
\BOOKMARK [2][-]{subsection.4.2.2}{Requisitos de plataforma}{section.4.2}% 28
\BOOKMARK [2][-]{subsection.4.2.3}{Requisitos de negocio}{section.4.2}% 29
\BOOKMARK [2][-]{subsection.4.2.4}{Requisitos de informaci\363n}{section.4.2}% 30
\BOOKMARK [2][-]{subsection.4.2.5}{Requisitos de interacci\363n con el usuario}{section.4.2}% 31
\BOOKMARK [2][-]{subsection.4.2.6}{Requsitos de la propiedad de software}{section.4.2}% 32
\BOOKMARK [0][-]{chapter.5}{Trabajo Realizado.}{}% 33
\BOOKMARK [1][-]{section.5.1}{Primera iteraci\363n}{chapter.5}% 34
\BOOKMARK [2][-]{subsection.5.1.1}{Activity}{section.5.1}% 35
\BOOKMARK [2][-]{subsection.5.1.2}{Primera app}{section.5.1}% 36
\BOOKMARK [1][-]{section.5.2}{Segunda iteraci\363n}{chapter.5}% 37
\BOOKMARK [2][-]{subsection.5.2.1}{Servicio}{section.5.2}% 38
\BOOKMARK [2][-]{subsection.5.2.2}{Fragment}{section.5.2}% 39
\BOOKMARK [1][-]{section.5.3}{Tercera iteraci\363n}{chapter.5}% 40
\BOOKMARK [1][-]{section.5.4}{Cuarta iteraci\363n}{chapter.5}% 41
\BOOKMARK [2][-]{subsection.5.4.1}{Casos de uso}{section.5.4}% 42
\BOOKMARK [2][-]{subsection.5.4.2}{Mapas de navegaci\363n}{section.5.4}% 43
\BOOKMARK [1][-]{section.5.5}{Quinta iteraci\363n}{chapter.5}% 44
\BOOKMARK [2][-]{subsection.5.5.1}{Balsamiq Mockups 3}{section.5.5}% 45
\BOOKMARK [1][-]{section.5.6}{Sexta Iteraci\363n}{chapter.5}% 46
\BOOKMARK [1][-]{section.5.7}{S\351ptima Iteraci\363n}{chapter.5}% 47
\BOOKMARK [1][-]{section.5.8}{Octava Iteraci\363n}{chapter.5}% 48
\BOOKMARK [1][-]{section.5.9}{An\341lisis y dise\361o de la aplicaci\363n}{chapter.5}% 49
\BOOKMARK [2][-]{subsection.5.9.1}{Paquete General}{section.5.9}% 50
\BOOKMARK [2][-]{subsection.5.9.2}{ Acceso}{section.5.9}% 51
\BOOKMARK [2][-]{subsection.5.9.3}{ Mapa}{section.5.9}% 52
\BOOKMARK [2][-]{subsection.5.9.4}{ Alumno}{section.5.9}% 53
\BOOKMARK [2][-]{subsection.5.9.5}{ Profesor}{section.5.9}% 54
\BOOKMARK [2][-]{subsection.5.9.6}{ Administracion}{section.5.9}% 55
\BOOKMARK [2][-]{subsection.5.9.7}{ Cita}{section.5.9}% 56
\BOOKMARK [2][-]{subsection.5.9.8}{ Evento}{section.5.9}% 57
\BOOKMARK [1][-]{section.5.10}{Desarrollo, prototipo de la aplicaci\363n}{chapter.5}% 58
\BOOKMARK [1][-]{section.5.11}{Trabajo futuro}{chapter.5}% 59
\BOOKMARK [2][-]{subsection.5.11.1}{M\363dulo de acceso}{section.5.11}% 60
\BOOKMARK [2][-]{subsection.5.11.2}{M\363dulo de Mapa}{section.5.11}% 61
\BOOKMARK [2][-]{subsection.5.11.3}{M\363dulo de Alumno}{section.5.11}% 62
\BOOKMARK [2][-]{subsection.5.11.4}{M\363dulo de Profesor}{section.5.11}% 63
\BOOKMARK [2][-]{subsection.5.11.5}{M\363dulo de Administraci\363n}{section.5.11}% 64
\BOOKMARK [2][-]{subsection.5.11.6}{M\363dulo de Cita}{section.5.11}% 65
\BOOKMARK [2][-]{subsection.5.11.7}{M\363dulo de Evento}{section.5.11}% 66
\BOOKMARK [2][-]{subsection.5.11.8}{M\363dulos web}{section.5.11}% 67
